<?xml version="1.0" encoding="UTF-8"?>
<testng-results ignored="0" total="0" passed="0" failed="0" skipped="0">
  <reporter-output>
  </reporter-output>
  <suite started-at="2024-04-15T14:04:55 OMST" name="TrianglePuzzleTest" finished-at="2024-04-15T14:04:55 OMST" duration-ms="11">
    <groups>
    </groups>
    <test started-at="2024-04-15T14:04:55 OMST" name="Command line test" finished-at="2024-04-15T14:04:55 OMST" duration-ms="11">
    </test> <!-- Command line test -->
  </suite> <!-- TrianglePuzzleTest -->
</testng-results>
